2023-02-17 15:46:28,045 INFO org.hibernate.validator.internal.util.Version [background-preinit] HV000001: Hibernate Validator 6.2.5.Final
2023-02-17 15:46:28,128 INFO org.springframework.boot.logging.DeferredLog [restartedMain] Devtools property defaults active! Set 'spring.devtools.add-properties' to 'false' to disable
2023-02-17 15:46:28,130 INFO org.springframework.boot.logging.DeferredLog [restartedMain] For additional web related logging consider setting the 'logging.level.web' property to 'DEBUG'
2023-02-17 15:46:29,703 INFO org.springframework.data.repository.config.RepositoryConfigurationDelegate [restartedMain] Bootstrapping Spring Data JPA repositories in DEFAULT mode.
2023-02-17 15:46:29,783 INFO org.springframework.data.repository.config.RepositoryConfigurationDelegate [restartedMain] Finished Spring Data repository scanning in 71 ms. Found 5 JPA repository interfaces.
2023-02-17 15:46:30,641 INFO org.springframework.boot.web.embedded.tomcat.TomcatWebServer [restartedMain] Tomcat initialized with port(s): 8080 (http)
2023-02-17 15:46:30,654 INFO org.apache.juli.logging.DirectJDKLog [restartedMain] Initializing ProtocolHandler ["http-nio-8080"]
2023-02-17 15:46:30,654 INFO org.apache.juli.logging.DirectJDKLog [restartedMain] Starting service [Tomcat]
2023-02-17 15:46:30,655 INFO org.apache.juli.logging.DirectJDKLog [restartedMain] Starting Servlet engine: [Apache Tomcat/9.0.69]
2023-02-17 15:46:30,777 INFO org.apache.juli.logging.DirectJDKLog [restartedMain] Initializing Spring embedded WebApplicationContext
2023-02-17 15:46:30,778 INFO org.springframework.boot.web.servlet.context.ServletWebServerApplicationContext [restartedMain] Root WebApplicationContext: initialization completed in 2646 ms
2023-02-17 15:46:30,931 INFO com.zaxxer.hikari.HikariDataSource [restartedMain] HikariPool-1 - Starting...
2023-02-17 15:46:31,383 INFO com.zaxxer.hikari.HikariDataSource [restartedMain] HikariPool-1 - Start completed.
2023-02-17 15:46:31,394 INFO org.springframework.boot.autoconfigure.h2.H2ConsoleAutoConfiguration [restartedMain] H2 console available at '/h2-console'. Database available at 'jdbc:mysql://localhost:3306/restaurant_db'
2023-02-17 15:46:31,623 INFO org.hibernate.jpa.internal.util.LogHelper [restartedMain] HHH000204: Processing PersistenceUnitInfo [name: default]
2023-02-17 15:46:31,703 INFO org.hibernate.Version [restartedMain] HHH000412: Hibernate ORM core version 5.6.14.Final
2023-02-17 15:46:31,898 INFO org.hibernate.annotations.common.reflection.java.JavaReflectionManager [restartedMain] HCANN000001: Hibernate Commons Annotations {5.1.2.Final}
2023-02-17 15:46:32,023 INFO org.hibernate.dialect.Dialect [restartedMain] HHH000400: Using dialect: org.hibernate.dialect.MySQL8Dialect
2023-02-17 15:46:32,960 INFO org.hibernate.engine.transaction.jta.platform.internal.JtaPlatformInitiator [restartedMain] HHH000490: Using JtaPlatform implementation: [org.hibernate.engine.transaction.jta.platform.internal.NoJtaPlatform]
2023-02-17 15:46:32,969 INFO org.springframework.orm.jpa.AbstractEntityManagerFactoryBean [restartedMain] Initialized JPA EntityManagerFactory for persistence unit 'default'
2023-02-17 15:46:33,499 WARN org.springframework.boot.autoconfigure.orm.jpa.JpaBaseConfiguration$JpaWebConfiguration [restartedMain] spring.jpa.open-in-view is enabled by default. Therefore, database queries may be performed during view rendering. Explicitly configure spring.jpa.open-in-view to disable this warning
2023-02-17 15:46:33,750 INFO org.springframework.boot.autoconfigure.web.servlet.WelcomePageHandlerMapping [restartedMain] Adding welcome page template: index
2023-02-17 15:46:34,274 INFO org.springframework.boot.actuate.endpoint.web.EndpointLinksResolver [restartedMain] Exposing 1 endpoint(s) beneath base path '/actuator'
2023-02-17 15:46:34,290 INFO org.springframework.security.web.DefaultSecurityFilterChain [restartedMain] Will secure any request with [org.springframework.security.web.session.DisableEncodeUrlFilter@69e30d1b, org.springframework.security.web.context.request.async.WebAsyncManagerIntegrationFilter@2e6a0527, org.springframework.security.web.context.SecurityContextPersistenceFilter@4e5adce1, org.springframework.security.web.header.HeaderWriterFilter@475b5b42, org.springframework.web.filter.CorsFilter@2051422a, org.springframework.security.web.csrf.CsrfFilter@1520b4d0, org.springframework.security.web.authentication.logout.LogoutFilter@36ecf1e5, org.springframework.security.web.authentication.UsernamePasswordAuthenticationFilter@5454d3cf, org.springframework.security.web.authentication.ui.DefaultLoginPageGeneratingFilter@51c93855, org.springframework.security.web.authentication.ui.DefaultLogoutPageGeneratingFilter@4b44553d, org.springframework.security.web.authentication.www.BasicAuthenticationFilter@2a04daa4, org.springframework.security.web.savedrequest.RequestCacheAwareFilter@e5e8cac, org.springframework.security.web.servletapi.SecurityContextHolderAwareRequestFilter@23bb6330, org.springframework.security.web.authentication.AnonymousAuthenticationFilter@3a3e129b, org.springframework.security.web.session.SessionManagementFilter@e530fc0, org.springframework.security.web.access.ExceptionTranslationFilter@62aa9abc, org.springframework.security.web.access.intercept.FilterSecurityInterceptor@3fadaa5c]
2023-02-17 15:46:34,409 INFO org.springframework.boot.devtools.autoconfigure.OptionalLiveReloadServer [restartedMain] LiveReload server is running on port 35729
2023-02-17 15:46:34,443 INFO org.apache.juli.logging.DirectJDKLog [restartedMain] Starting ProtocolHandler ["http-nio-8080"]
2023-02-17 15:46:34,466 INFO org.springframework.boot.web.embedded.tomcat.TomcatWebServer [restartedMain] Tomcat started on port(s): 8080 (http) with context path ''
2023-02-17 15:46:35,282 INFO org.apache.juli.logging.DirectJDKLog [http-nio-8080-exec-1] Initializing Spring DispatcherServlet 'dispatcherServlet'
2023-02-17 15:46:35,283 INFO org.springframework.web.servlet.FrameworkServlet [http-nio-8080-exec-1] Initializing Servlet 'dispatcherServlet'
2023-02-17 15:46:35,287 INFO org.springframework.web.servlet.FrameworkServlet [http-nio-8080-exec-1] Completed initialization in 4 ms
2023-02-17 15:46:35,899 WARN org.apache.juli.logging.DirectJDKLog [http-nio-8080-exec-1] Creation of SecureRandom instance for session ID generation using [SHA1PRNG] took [488] milliseconds.
2023-02-17 15:47:11,715 INFO org.springframework.orm.jpa.AbstractEntityManagerFactoryBean [SpringApplicationShutdownHook] Closing JPA EntityManagerFactory for persistence unit 'default'
2023-02-17 15:47:11,722 INFO com.zaxxer.hikari.HikariDataSource [SpringApplicationShutdownHook] HikariPool-1 - Shutdown initiated...
2023-02-17 15:47:11,741 INFO com.zaxxer.hikari.HikariDataSource [SpringApplicationShutdownHook] HikariPool-1 - Shutdown completed.
2023-02-17 15:47:18,572 INFO org.hibernate.validator.internal.util.Version [background-preinit] HV000001: Hibernate Validator 6.2.5.Final
2023-02-17 15:47:18,768 INFO org.springframework.boot.logging.DeferredLog [restartedMain] Devtools property defaults active! Set 'spring.devtools.add-properties' to 'false' to disable
2023-02-17 15:47:18,805 INFO org.springframework.boot.logging.DeferredLog [restartedMain] For additional web related logging consider setting the 'logging.level.web' property to 'DEBUG'
2023-02-17 15:47:21,113 INFO org.springframework.data.repository.config.RepositoryConfigurationDelegate [restartedMain] Bootstrapping Spring Data JPA repositories in DEFAULT mode.
2023-02-17 15:47:21,237 INFO org.springframework.data.repository.config.RepositoryConfigurationDelegate [restartedMain] Finished Spring Data repository scanning in 108 ms. Found 5 JPA repository interfaces.
2023-02-17 15:47:22,299 INFO org.springframework.boot.web.embedded.tomcat.TomcatWebServer [restartedMain] Tomcat initialized with port(s): 8080 (http)
2023-02-17 15:47:22,309 INFO org.apache.juli.logging.DirectJDKLog [restartedMain] Initializing ProtocolHandler ["http-nio-8080"]
2023-02-17 15:47:22,309 INFO org.apache.juli.logging.DirectJDKLog [restartedMain] Starting service [Tomcat]
2023-02-17 15:47:22,309 INFO org.apache.juli.logging.DirectJDKLog [restartedMain] Starting Servlet engine: [Apache Tomcat/9.0.69]
2023-02-17 15:47:22,437 INFO org.apache.juli.logging.DirectJDKLog [restartedMain] Initializing Spring embedded WebApplicationContext
2023-02-17 15:47:22,438 INFO org.springframework.boot.web.servlet.context.ServletWebServerApplicationContext [restartedMain] Root WebApplicationContext: initialization completed in 3631 ms
2023-02-17 15:47:22,600 INFO com.zaxxer.hikari.HikariDataSource [restartedMain] HikariPool-1 - Starting...
2023-02-17 15:47:22,997 INFO com.zaxxer.hikari.HikariDataSource [restartedMain] HikariPool-1 - Start completed.
2023-02-17 15:47:23,008 INFO org.springframework.boot.autoconfigure.h2.H2ConsoleAutoConfiguration [restartedMain] H2 console available at '/h2-console'. Database available at 'jdbc:mysql://localhost:3306/restaurant_db'
2023-02-17 15:47:23,277 INFO org.hibernate.jpa.internal.util.LogHelper [restartedMain] HHH000204: Processing PersistenceUnitInfo [name: default]
2023-02-17 15:47:23,370 INFO org.hibernate.Version [restartedMain] HHH000412: Hibernate ORM core version 5.6.14.Final
2023-02-17 15:47:23,929 INFO org.hibernate.annotations.common.reflection.java.JavaReflectionManager [restartedMain] HCANN000001: Hibernate Commons Annotations {5.1.2.Final}
2023-02-17 15:47:24,068 INFO org.hibernate.dialect.Dialect [restartedMain] HHH000400: Using dialect: org.hibernate.dialect.MySQL8Dialect
2023-02-17 15:47:26,194 INFO org.hibernate.engine.transaction.jta.platform.internal.JtaPlatformInitiator [restartedMain] HHH000490: Using JtaPlatform implementation: [org.hibernate.engine.transaction.jta.platform.internal.NoJtaPlatform]
2023-02-17 15:47:26,211 INFO org.springframework.orm.jpa.AbstractEntityManagerFactoryBean [restartedMain] Initialized JPA EntityManagerFactory for persistence unit 'default'
2023-02-17 15:47:27,064 WARN org.springframework.boot.autoconfigure.orm.jpa.JpaBaseConfiguration$JpaWebConfiguration [restartedMain] spring.jpa.open-in-view is enabled by default. Therefore, database queries may be performed during view rendering. Explicitly configure spring.jpa.open-in-view to disable this warning
2023-02-17 15:47:28,234 INFO org.springframework.boot.autoconfigure.web.servlet.WelcomePageHandlerMapping [restartedMain] Adding welcome page template: index
2023-02-17 15:47:29,095 INFO org.springframework.boot.actuate.endpoint.web.EndpointLinksResolver [restartedMain] Exposing 1 endpoint(s) beneath base path '/actuator'
2023-02-17 15:47:29,114 INFO org.springframework.security.web.DefaultSecurityFilterChain [restartedMain] Will secure any request with [org.springframework.security.web.session.DisableEncodeUrlFilter@77714738, org.springframework.security.web.context.request.async.WebAsyncManagerIntegrationFilter@288e65b3, org.springframework.security.web.context.SecurityContextPersistenceFilter@408790eb, org.springframework.security.web.header.HeaderWriterFilter@6b5fd5cf, org.springframework.web.filter.CorsFilter@2657cd2c, org.springframework.security.web.csrf.CsrfFilter@3d7adb31, org.springframework.security.web.authentication.logout.LogoutFilter@73f6e221, org.springframework.security.web.authentication.UsernamePasswordAuthenticationFilter@77e42fe9, org.springframework.security.web.authentication.ui.DefaultLoginPageGeneratingFilter@23ab6751, org.springframework.security.web.authentication.ui.DefaultLogoutPageGeneratingFilter@7860d3b3, org.springframework.security.web.authentication.www.BasicAuthenticationFilter@6362ec4e, org.springframework.security.web.savedrequest.RequestCacheAwareFilter@753baa7, org.springframework.security.web.servletapi.SecurityContextHolderAwareRequestFilter@26647b9b, org.springframework.security.web.authentication.AnonymousAuthenticationFilter@5550300, org.springframework.security.web.session.SessionManagementFilter@4e43f4fb, org.springframework.security.web.access.ExceptionTranslationFilter@6199e6a4, org.springframework.security.web.access.intercept.FilterSecurityInterceptor@4e494374]
2023-02-17 15:47:29,263 INFO org.springframework.boot.devtools.autoconfigure.OptionalLiveReloadServer [restartedMain] LiveReload server is running on port 35729
2023-02-17 15:47:29,316 INFO org.apache.juli.logging.DirectJDKLog [restartedMain] Starting ProtocolHandler ["http-nio-8080"]
2023-02-17 15:47:29,347 INFO org.springframework.boot.web.embedded.tomcat.TomcatWebServer [restartedMain] Tomcat started on port(s): 8080 (http) with context path ''
2023-02-17 15:47:29,933 INFO org.springframework.orm.jpa.AbstractEntityManagerFactoryBean [SpringApplicationShutdownHook] Closing JPA EntityManagerFactory for persistence unit 'default'
2023-02-17 15:47:29,939 INFO com.zaxxer.hikari.HikariDataSource [SpringApplicationShutdownHook] HikariPool-1 - Shutdown initiated...
2023-02-17 15:47:30,119 INFO com.zaxxer.hikari.HikariDataSource [SpringApplicationShutdownHook] HikariPool-1 - Shutdown completed.
2023-02-17 15:47:35,777 INFO org.hibernate.validator.internal.util.Version [background-preinit] HV000001: Hibernate Validator 6.2.5.Final
2023-02-17 15:47:35,859 INFO org.springframework.boot.logging.DeferredLog [restartedMain] Devtools property defaults active! Set 'spring.devtools.add-properties' to 'false' to disable
2023-02-17 15:47:35,861 INFO org.springframework.boot.logging.DeferredLog [restartedMain] For additional web related logging consider setting the 'logging.level.web' property to 'DEBUG'
2023-02-17 15:47:37,475 INFO org.springframework.data.repository.config.RepositoryConfigurationDelegate [restartedMain] Bootstrapping Spring Data JPA repositories in DEFAULT mode.
2023-02-17 15:47:37,569 INFO org.springframework.data.repository.config.RepositoryConfigurationDelegate [restartedMain] Finished Spring Data repository scanning in 84 ms. Found 5 JPA repository interfaces.
2023-02-17 15:47:38,369 INFO org.springframework.boot.web.embedded.tomcat.TomcatWebServer [restartedMain] Tomcat initialized with port(s): 8080 (http)
2023-02-17 15:47:38,380 INFO org.apache.juli.logging.DirectJDKLog [restartedMain] Initializing ProtocolHandler ["http-nio-8080"]
2023-02-17 15:47:38,380 INFO org.apache.juli.logging.DirectJDKLog [restartedMain] Starting service [Tomcat]
2023-02-17 15:47:38,381 INFO org.apache.juli.logging.DirectJDKLog [restartedMain] Starting Servlet engine: [Apache Tomcat/9.0.69]
2023-02-17 15:47:38,493 INFO org.apache.juli.logging.DirectJDKLog [restartedMain] Initializing Spring embedded WebApplicationContext
2023-02-17 15:47:38,494 INFO org.springframework.boot.web.servlet.context.ServletWebServerApplicationContext [restartedMain] Root WebApplicationContext: initialization completed in 2632 ms
2023-02-17 15:47:38,644 INFO com.zaxxer.hikari.HikariDataSource [restartedMain] HikariPool-1 - Starting...
2023-02-17 15:47:39,026 INFO com.zaxxer.hikari.HikariDataSource [restartedMain] HikariPool-1 - Start completed.
2023-02-17 15:47:39,040 INFO org.springframework.boot.autoconfigure.h2.H2ConsoleAutoConfiguration [restartedMain] H2 console available at '/h2-console'. Database available at 'jdbc:mysql://localhost:3306/restaurant_db'
2023-02-17 15:47:39,328 INFO org.hibernate.jpa.internal.util.LogHelper [restartedMain] HHH000204: Processing PersistenceUnitInfo [name: default]
2023-02-17 15:47:39,421 INFO org.hibernate.Version [restartedMain] HHH000412: Hibernate ORM core version 5.6.14.Final
2023-02-17 15:47:39,599 INFO org.hibernate.annotations.common.reflection.java.JavaReflectionManager [restartedMain] HCANN000001: Hibernate Commons Annotations {5.1.2.Final}
2023-02-17 15:47:39,708 INFO org.hibernate.dialect.Dialect [restartedMain] HHH000400: Using dialect: org.hibernate.dialect.MySQL8Dialect
2023-02-17 15:47:40,587 INFO org.hibernate.engine.transaction.jta.platform.internal.JtaPlatformInitiator [restartedMain] HHH000490: Using JtaPlatform implementation: [org.hibernate.engine.transaction.jta.platform.internal.NoJtaPlatform]
2023-02-17 15:47:40,596 INFO org.springframework.orm.jpa.AbstractEntityManagerFactoryBean [restartedMain] Initialized JPA EntityManagerFactory for persistence unit 'default'
2023-02-17 15:47:41,118 WARN org.springframework.boot.autoconfigure.orm.jpa.JpaBaseConfiguration$JpaWebConfiguration [restartedMain] spring.jpa.open-in-view is enabled by default. Therefore, database queries may be performed during view rendering. Explicitly configure spring.jpa.open-in-view to disable this warning
2023-02-17 15:47:41,393 INFO org.springframework.boot.autoconfigure.web.servlet.WelcomePageHandlerMapping [restartedMain] Adding welcome page template: index
2023-02-17 15:47:41,896 INFO org.springframework.boot.actuate.endpoint.web.EndpointLinksResolver [restartedMain] Exposing 1 endpoint(s) beneath base path '/actuator'
2023-02-17 15:47:41,915 INFO org.springframework.security.web.DefaultSecurityFilterChain [restartedMain] Will secure any request with [org.springframework.security.web.session.DisableEncodeUrlFilter@6be13cce, org.springframework.security.web.context.request.async.WebAsyncManagerIntegrationFilter@4207402b, org.springframework.security.web.context.SecurityContextPersistenceFilter@45f9be65, org.springframework.security.web.header.HeaderWriterFilter@b4c16cd, org.springframework.web.filter.CorsFilter@7cf6e950, org.springframework.security.web.csrf.CsrfFilter@1cc360c6, org.springframework.security.web.authentication.logout.LogoutFilter@1f9b02e9, org.springframework.security.web.authentication.UsernamePasswordAuthenticationFilter@33ef70f3, org.springframework.security.web.authentication.ui.DefaultLoginPageGeneratingFilter@3d06ac05, org.springframework.security.web.authentication.ui.DefaultLogoutPageGeneratingFilter@27d73cf3, org.springframework.security.web.authentication.www.BasicAuthenticationFilter@168de6f9, org.springframework.security.web.savedrequest.RequestCacheAwareFilter@6adad0ce, org.springframework.security.web.servletapi.SecurityContextHolderAwareRequestFilter@3bbf7c2e, org.springframework.security.web.authentication.AnonymousAuthenticationFilter@45b2738b, org.springframework.security.web.session.SessionManagementFilter@600f3eca, org.springframework.security.web.access.ExceptionTranslationFilter@6888dbd, org.springframework.security.web.access.intercept.FilterSecurityInterceptor@1b88cda2]
2023-02-17 15:47:42,029 INFO org.springframework.boot.devtools.autoconfigure.OptionalLiveReloadServer [restartedMain] LiveReload server is running on port 35729
2023-02-17 15:47:42,066 INFO org.apache.juli.logging.DirectJDKLog [restartedMain] Starting ProtocolHandler ["http-nio-8080"]
2023-02-17 15:47:42,088 INFO org.springframework.boot.web.embedded.tomcat.TomcatWebServer [restartedMain] Tomcat started on port(s): 8080 (http) with context path ''
2023-02-17 15:47:42,791 INFO org.apache.juli.logging.DirectJDKLog [http-nio-8080-exec-1] Initializing Spring DispatcherServlet 'dispatcherServlet'
2023-02-17 15:47:42,792 INFO org.springframework.web.servlet.FrameworkServlet [http-nio-8080-exec-1] Initializing Servlet 'dispatcherServlet'
2023-02-17 15:47:42,796 INFO org.springframework.web.servlet.FrameworkServlet [http-nio-8080-exec-1] Completed initialization in 4 ms
2023-02-17 15:48:03,163 INFO org.springframework.orm.jpa.AbstractEntityManagerFactoryBean [SpringApplicationShutdownHook] Closing JPA EntityManagerFactory for persistence unit 'default'
2023-02-17 15:48:03,169 INFO com.zaxxer.hikari.HikariDataSource [SpringApplicationShutdownHook] HikariPool-1 - Shutdown initiated...
2023-02-17 15:48:03,188 INFO com.zaxxer.hikari.HikariDataSource [SpringApplicationShutdownHook] HikariPool-1 - Shutdown completed.
2023-02-17 15:48:09,412 INFO org.hibernate.validator.internal.util.Version [background-preinit] HV000001: Hibernate Validator 6.2.5.Final
2023-02-17 15:48:09,495 INFO org.springframework.boot.logging.DeferredLog [restartedMain] Devtools property defaults active! Set 'spring.devtools.add-properties' to 'false' to disable
2023-02-17 15:48:09,497 INFO org.springframework.boot.logging.DeferredLog [restartedMain] For additional web related logging consider setting the 'logging.level.web' property to 'DEBUG'
2023-02-17 15:48:11,146 INFO org.springframework.data.repository.config.RepositoryConfigurationDelegate [restartedMain] Bootstrapping Spring Data JPA repositories in DEFAULT mode.
2023-02-17 15:48:11,231 INFO org.springframework.data.repository.config.RepositoryConfigurationDelegate [restartedMain] Finished Spring Data repository scanning in 74 ms. Found 5 JPA repository interfaces.
2023-02-17 15:48:12,085 INFO org.springframework.boot.web.embedded.tomcat.TomcatWebServer [restartedMain] Tomcat initialized with port(s): 8080 (http)
2023-02-17 15:48:12,098 INFO org.apache.juli.logging.DirectJDKLog [restartedMain] Initializing ProtocolHandler ["http-nio-8080"]
2023-02-17 15:48:12,099 INFO org.apache.juli.logging.DirectJDKLog [restartedMain] Starting service [Tomcat]
2023-02-17 15:48:12,099 INFO org.apache.juli.logging.DirectJDKLog [restartedMain] Starting Servlet engine: [Apache Tomcat/9.0.69]
2023-02-17 15:48:12,222 INFO org.apache.juli.logging.DirectJDKLog [restartedMain] Initializing Spring embedded WebApplicationContext
2023-02-17 15:48:12,222 INFO org.springframework.boot.web.servlet.context.ServletWebServerApplicationContext [restartedMain] Root WebApplicationContext: initialization completed in 2724 ms
2023-02-17 15:48:12,390 INFO com.zaxxer.hikari.HikariDataSource [restartedMain] HikariPool-1 - Starting...
2023-02-17 15:48:12,797 INFO com.zaxxer.hikari.HikariDataSource [restartedMain] HikariPool-1 - Start completed.
2023-02-17 15:48:12,808 INFO org.springframework.boot.autoconfigure.h2.H2ConsoleAutoConfiguration [restartedMain] H2 console available at '/h2-console'. Database available at 'jdbc:mysql://localhost:3306/restaurant_db'
2023-02-17 15:48:13,041 INFO org.hibernate.jpa.internal.util.LogHelper [restartedMain] HHH000204: Processing PersistenceUnitInfo [name: default]
2023-02-17 15:48:13,124 INFO org.hibernate.Version [restartedMain] HHH000412: Hibernate ORM core version 5.6.14.Final
2023-02-17 15:48:13,415 INFO org.hibernate.annotations.common.reflection.java.JavaReflectionManager [restartedMain] HCANN000001: Hibernate Commons Annotations {5.1.2.Final}
2023-02-17 15:48:13,542 INFO org.hibernate.dialect.Dialect [restartedMain] HHH000400: Using dialect: org.hibernate.dialect.MySQL8Dialect
2023-02-17 15:48:14,663 INFO org.hibernate.engine.transaction.jta.platform.internal.JtaPlatformInitiator [restartedMain] HHH000490: Using JtaPlatform implementation: [org.hibernate.engine.transaction.jta.platform.internal.NoJtaPlatform]
2023-02-17 15:48:14,675 INFO org.springframework.orm.jpa.AbstractEntityManagerFactoryBean [restartedMain] Initialized JPA EntityManagerFactory for persistence unit 'default'
2023-02-17 15:48:15,321 WARN org.springframework.boot.autoconfigure.orm.jpa.JpaBaseConfiguration$JpaWebConfiguration [restartedMain] spring.jpa.open-in-view is enabled by default. Therefore, database queries may be performed during view rendering. Explicitly configure spring.jpa.open-in-view to disable this warning
2023-02-17 15:48:15,639 INFO org.springframework.boot.autoconfigure.web.servlet.WelcomePageHandlerMapping [restartedMain] Adding welcome page template: index
2023-02-17 15:48:16,346 INFO org.springframework.boot.actuate.endpoint.web.EndpointLinksResolver [restartedMain] Exposing 1 endpoint(s) beneath base path '/actuator'
2023-02-17 15:48:16,377 INFO org.springframework.security.web.DefaultSecurityFilterChain [restartedMain] Will secure any request with [org.springframework.security.web.session.DisableEncodeUrlFilter@50b57671, org.springframework.security.web.context.request.async.WebAsyncManagerIntegrationFilter@12db2492, org.springframework.security.web.context.SecurityContextPersistenceFilter@65531a2b, org.springframework.security.web.header.HeaderWriterFilter@2917511b, org.springframework.web.filter.CorsFilter@1741aac9, org.springframework.security.web.csrf.CsrfFilter@667f13b, org.springframework.security.web.authentication.logout.LogoutFilter@4b455cb5, org.springframework.security.web.authentication.UsernamePasswordAuthenticationFilter@3bf9eb75, org.springframework.security.web.authentication.ui.DefaultLoginPageGeneratingFilter@41694bf9, org.springframework.security.web.authentication.ui.DefaultLogoutPageGeneratingFilter@14f4af73, org.springframework.security.web.authentication.www.BasicAuthenticationFilter@18896c04, org.springframework.security.web.savedrequest.RequestCacheAwareFilter@515710c5, org.springframework.security.web.servletapi.SecurityContextHolderAwareRequestFilter@20446710, org.springframework.security.web.authentication.AnonymousAuthenticationFilter@6f894562, org.springframework.security.web.session.SessionManagementFilter@18c5c02c, org.springframework.security.web.access.ExceptionTranslationFilter@2afd781b, org.springframework.security.web.access.intercept.FilterSecurityInterceptor@501a72f9]
2023-02-17 15:48:16,507 INFO org.springframework.boot.devtools.autoconfigure.OptionalLiveReloadServer [restartedMain] LiveReload server is running on port 35729
2023-02-17 15:48:16,543 INFO org.apache.juli.logging.DirectJDKLog [restartedMain] Starting ProtocolHandler ["http-nio-8080"]
2023-02-17 15:48:16,573 INFO org.springframework.boot.web.embedded.tomcat.TomcatWebServer [restartedMain] Tomcat started on port(s): 8080 (http) with context path ''
2023-02-17 15:48:17,152 INFO org.apache.juli.logging.DirectJDKLog [RMI TCP Connection(1)-192.168.0.103] Initializing Spring DispatcherServlet 'dispatcherServlet'
2023-02-17 15:48:17,153 INFO org.springframework.web.servlet.FrameworkServlet [RMI TCP Connection(1)-192.168.0.103] Initializing Servlet 'dispatcherServlet'
2023-02-17 15:48:17,158 INFO org.springframework.web.servlet.FrameworkServlet [RMI TCP Connection(1)-192.168.0.103] Completed initialization in 4 ms
2023-02-17 15:49:39,672 INFO org.springframework.orm.jpa.AbstractEntityManagerFactoryBean [SpringApplicationShutdownHook] Closing JPA EntityManagerFactory for persistence unit 'default'
2023-02-17 15:49:39,678 INFO com.zaxxer.hikari.HikariDataSource [SpringApplicationShutdownHook] HikariPool-1 - Shutdown initiated...
2023-02-17 15:49:39,755 INFO com.zaxxer.hikari.HikariDataSource [SpringApplicationShutdownHook] HikariPool-1 - Shutdown completed.
2023-02-17 15:49:45,474 INFO org.hibernate.validator.internal.util.Version [background-preinit] HV000001: Hibernate Validator 6.2.5.Final
2023-02-17 15:49:45,566 INFO org.springframework.boot.logging.DeferredLog [restartedMain] Devtools property defaults active! Set 'spring.devtools.add-properties' to 'false' to disable
2023-02-17 15:49:45,568 INFO org.springframework.boot.logging.DeferredLog [restartedMain] For additional web related logging consider setting the 'logging.level.web' property to 'DEBUG'
2023-02-17 15:49:47,582 INFO org.springframework.data.repository.config.RepositoryConfigurationDelegate [restartedMain] Bootstrapping Spring Data JPA repositories in DEFAULT mode.
2023-02-17 15:49:47,729 INFO org.springframework.data.repository.config.RepositoryConfigurationDelegate [restartedMain] Finished Spring Data repository scanning in 129 ms. Found 5 JPA repository interfaces.
2023-02-17 15:49:48,796 INFO org.springframework.boot.web.embedded.tomcat.TomcatWebServer [restartedMain] Tomcat initialized with port(s): 8080 (http)
2023-02-17 15:49:48,807 INFO org.apache.juli.logging.DirectJDKLog [restartedMain] Initializing ProtocolHandler ["http-nio-8080"]
2023-02-17 15:49:48,808 INFO org.apache.juli.logging.DirectJDKLog [restartedMain] Starting service [Tomcat]
2023-02-17 15:49:48,808 INFO org.apache.juli.logging.DirectJDKLog [restartedMain] Starting Servlet engine: [Apache Tomcat/9.0.69]
2023-02-17 15:49:48,928 INFO org.apache.juli.logging.DirectJDKLog [restartedMain] Initializing Spring embedded WebApplicationContext
2023-02-17 15:49:48,928 INFO org.springframework.boot.web.servlet.context.ServletWebServerApplicationContext [restartedMain] Root WebApplicationContext: initialization completed in 3359 ms
2023-02-17 15:49:49,103 INFO com.zaxxer.hikari.HikariDataSource [restartedMain] HikariPool-1 - Starting...
2023-02-17 15:49:49,502 INFO com.zaxxer.hikari.HikariDataSource [restartedMain] HikariPool-1 - Start completed.
2023-02-17 15:49:49,514 INFO org.springframework.boot.autoconfigure.h2.H2ConsoleAutoConfiguration [restartedMain] H2 console available at '/h2-console'. Database available at 'jdbc:mysql://localhost:3306/restaurant_db'
2023-02-17 15:49:49,724 INFO org.hibernate.jpa.internal.util.LogHelper [restartedMain] HHH000204: Processing PersistenceUnitInfo [name: default]
2023-02-17 15:49:49,788 INFO org.hibernate.Version [restartedMain] HHH000412: Hibernate ORM core version 5.6.14.Final
2023-02-17 15:49:49,982 INFO org.hibernate.annotations.common.reflection.java.JavaReflectionManager [restartedMain] HCANN000001: Hibernate Commons Annotations {5.1.2.Final}
2023-02-17 15:49:50,102 INFO org.hibernate.dialect.Dialect [restartedMain] HHH000400: Using dialect: org.hibernate.dialect.MySQL8Dialect
2023-02-17 15:49:50,949 INFO org.hibernate.engine.transaction.jta.platform.internal.JtaPlatformInitiator [restartedMain] HHH000490: Using JtaPlatform implementation: [org.hibernate.engine.transaction.jta.platform.internal.NoJtaPlatform]
2023-02-17 15:49:50,959 INFO org.springframework.orm.jpa.AbstractEntityManagerFactoryBean [restartedMain] Initialized JPA EntityManagerFactory for persistence unit 'default'
2023-02-17 15:49:51,516 WARN org.springframework.boot.autoconfigure.orm.jpa.JpaBaseConfiguration$JpaWebConfiguration [restartedMain] spring.jpa.open-in-view is enabled by default. Therefore, database queries may be performed during view rendering. Explicitly configure spring.jpa.open-in-view to disable this warning
2023-02-17 15:49:51,808 INFO org.springframework.boot.autoconfigure.web.servlet.WelcomePageHandlerMapping [restartedMain] Adding welcome page template: index
2023-02-17 15:49:52,394 INFO org.springframework.boot.actuate.endpoint.web.EndpointLinksResolver [restartedMain] Exposing 1 endpoint(s) beneath base path '/actuator'
2023-02-17 15:49:52,415 INFO org.springframework.security.web.DefaultSecurityFilterChain [restartedMain] Will secure any request with [org.springframework.security.web.session.DisableEncodeUrlFilter@549bb641, org.springframework.security.web.context.request.async.WebAsyncManagerIntegrationFilter@421d7361, org.springframework.security.web.context.SecurityContextPersistenceFilter@55a8af25, org.springframework.security.web.header.HeaderWriterFilter@66d2739, org.springframework.web.filter.CorsFilter@528de6f4, org.springframework.security.web.csrf.CsrfFilter@7ee4abeb, org.springframework.security.web.authentication.logout.LogoutFilter@46616693, org.springframework.security.web.authentication.UsernamePasswordAuthenticationFilter@68153d0e, org.springframework.security.web.authentication.ui.DefaultLoginPageGeneratingFilter@6ab59b9c, org.springframework.security.web.authentication.ui.DefaultLogoutPageGeneratingFilter@1386d7e2, org.springframework.security.web.authentication.www.BasicAuthenticationFilter@27135860, org.springframework.security.web.savedrequest.RequestCacheAwareFilter@75fbfd2a, org.springframework.security.web.servletapi.SecurityContextHolderAwareRequestFilter@5eb0a96e, org.springframework.security.web.authentication.AnonymousAuthenticationFilter@1aa6526d, org.springframework.security.web.session.SessionManagementFilter@6f8ac120, org.springframework.security.web.access.ExceptionTranslationFilter@47e5390c, org.springframework.security.web.access.intercept.FilterSecurityInterceptor@4a63eacb]
2023-02-17 15:49:52,542 INFO org.springframework.boot.devtools.autoconfigure.OptionalLiveReloadServer [restartedMain] LiveReload server is running on port 35729
2023-02-17 15:49:52,576 INFO org.apache.juli.logging.DirectJDKLog [restartedMain] Starting ProtocolHandler ["http-nio-8080"]
2023-02-17 15:49:52,601 INFO org.springframework.boot.web.embedded.tomcat.TomcatWebServer [restartedMain] Tomcat started on port(s): 8080 (http) with context path ''
2023-02-17 15:49:53,422 INFO org.apache.juli.logging.DirectJDKLog [http-nio-8080-exec-1] Initializing Spring DispatcherServlet 'dispatcherServlet'
2023-02-17 15:49:53,423 INFO org.springframework.web.servlet.FrameworkServlet [http-nio-8080-exec-1] Initializing Servlet 'dispatcherServlet'
2023-02-17 15:49:53,427 INFO org.springframework.web.servlet.FrameworkServlet [http-nio-8080-exec-1] Completed initialization in 4 ms
2023-02-17 15:53:29,437 INFO org.springframework.orm.jpa.AbstractEntityManagerFactoryBean [SpringApplicationShutdownHook] Closing JPA EntityManagerFactory for persistence unit 'default'
2023-02-17 15:53:29,443 INFO com.zaxxer.hikari.HikariDataSource [SpringApplicationShutdownHook] HikariPool-1 - Shutdown initiated...
2023-02-17 15:53:29,469 INFO com.zaxxer.hikari.HikariDataSource [SpringApplicationShutdownHook] HikariPool-1 - Shutdown completed.
2023-02-17 15:53:37,895 INFO org.hibernate.validator.internal.util.Version [background-preinit] HV000001: Hibernate Validator 6.2.5.Final
2023-02-17 15:53:37,976 INFO org.springframework.boot.logging.DeferredLog [restartedMain] Devtools property defaults active! Set 'spring.devtools.add-properties' to 'false' to disable
2023-02-17 15:53:37,977 INFO org.springframework.boot.logging.DeferredLog [restartedMain] For additional web related logging consider setting the 'logging.level.web' property to 'DEBUG'
2023-02-17 15:53:39,891 INFO org.springframework.data.repository.config.RepositoryConfigurationDelegate [restartedMain] Bootstrapping Spring Data JPA repositories in DEFAULT mode.
2023-02-17 15:53:39,967 INFO org.springframework.data.repository.config.RepositoryConfigurationDelegate [restartedMain] Finished Spring Data repository scanning in 65 ms. Found 5 JPA repository interfaces.
2023-02-17 15:53:40,780 INFO org.springframework.boot.web.embedded.tomcat.TomcatWebServer [restartedMain] Tomcat initialized with port(s): 8080 (http)
2023-02-17 15:53:40,789 INFO org.apache.juli.logging.DirectJDKLog [restartedMain] Initializing ProtocolHandler ["http-nio-8080"]
2023-02-17 15:53:40,790 INFO org.apache.juli.logging.DirectJDKLog [restartedMain] Starting service [Tomcat]
2023-02-17 15:53:40,790 INFO org.apache.juli.logging.DirectJDKLog [restartedMain] Starting Servlet engine: [Apache Tomcat/9.0.69]
2023-02-17 15:53:40,902 INFO org.apache.juli.logging.DirectJDKLog [restartedMain] Initializing Spring embedded WebApplicationContext
2023-02-17 15:53:40,903 INFO org.springframework.boot.web.servlet.context.ServletWebServerApplicationContext [restartedMain] Root WebApplicationContext: initialization completed in 2925 ms
2023-02-17 15:53:41,054 INFO com.zaxxer.hikari.HikariDataSource [restartedMain] HikariPool-1 - Starting...
2023-02-17 15:53:41,412 INFO com.zaxxer.hikari.HikariDataSource [restartedMain] HikariPool-1 - Start completed.
2023-02-17 15:53:41,425 INFO org.springframework.boot.autoconfigure.h2.H2ConsoleAutoConfiguration [restartedMain] H2 console available at '/h2-console'. Database available at 'jdbc:mysql://localhost:3306/restaurant_db'
2023-02-17 15:53:41,647 INFO org.hibernate.jpa.internal.util.LogHelper [restartedMain] HHH000204: Processing PersistenceUnitInfo [name: default]
2023-02-17 15:53:41,707 INFO org.hibernate.Version [restartedMain] HHH000412: Hibernate ORM core version 5.6.14.Final
2023-02-17 15:53:41,897 INFO org.hibernate.annotations.common.reflection.java.JavaReflectionManager [restartedMain] HCANN000001: Hibernate Commons Annotations {5.1.2.Final}
2023-02-17 15:53:42,012 INFO org.hibernate.dialect.Dialect [restartedMain] HHH000400: Using dialect: org.hibernate.dialect.MySQL8Dialect
2023-02-17 15:53:42,881 INFO org.hibernate.engine.transaction.jta.platform.internal.JtaPlatformInitiator [restartedMain] HHH000490: Using JtaPlatform implementation: [org.hibernate.engine.transaction.jta.platform.internal.NoJtaPlatform]
2023-02-17 15:53:42,889 INFO org.springframework.orm.jpa.AbstractEntityManagerFactoryBean [restartedMain] Initialized JPA EntityManagerFactory for persistence unit 'default'
2023-02-17 15:53:43,398 WARN org.springframework.boot.autoconfigure.orm.jpa.JpaBaseConfiguration$JpaWebConfiguration [restartedMain] spring.jpa.open-in-view is enabled by default. Therefore, database queries may be performed during view rendering. Explicitly configure spring.jpa.open-in-view to disable this warning
2023-02-17 15:53:43,630 INFO org.springframework.boot.autoconfigure.web.servlet.WelcomePageHandlerMapping [restartedMain] Adding welcome page template: index
2023-02-17 15:53:44,184 INFO org.springframework.boot.actuate.endpoint.web.EndpointLinksResolver [restartedMain] Exposing 1 endpoint(s) beneath base path '/actuator'
2023-02-17 15:53:44,201 INFO org.springframework.security.web.DefaultSecurityFilterChain [restartedMain] Will secure any request with [org.springframework.security.web.session.DisableEncodeUrlFilter@5dedd87c, org.springframework.security.web.context.request.async.WebAsyncManagerIntegrationFilter@5fe266c8, org.springframework.security.web.context.SecurityContextPersistenceFilter@3adbf435, org.springframework.security.web.header.HeaderWriterFilter@3895022, org.springframework.web.filter.CorsFilter@586368cd, org.springframework.security.web.csrf.CsrfFilter@66b16b42, org.springframework.security.web.authentication.logout.LogoutFilter@2662e300, org.springframework.security.web.authentication.UsernamePasswordAuthenticationFilter@608d9044, org.springframework.security.web.authentication.ui.DefaultLoginPageGeneratingFilter@2cf6e93f, org.springframework.security.web.authentication.ui.DefaultLogoutPageGeneratingFilter@22263605, org.springframework.security.web.authentication.www.BasicAuthenticationFilter@69f15c33, org.springframework.security.web.savedrequest.RequestCacheAwareFilter@4e87bae6, org.springframework.security.web.servletapi.SecurityContextHolderAwareRequestFilter@70f7ca94, org.springframework.security.web.authentication.AnonymousAuthenticationFilter@11bb3405, org.springframework.security.web.session.SessionManagementFilter@1123041c, org.springframework.security.web.access.ExceptionTranslationFilter@3ec5c41b, org.springframework.security.web.access.intercept.FilterSecurityInterceptor@38c0fb4a]
2023-02-17 15:53:44,317 INFO org.springframework.boot.devtools.autoconfigure.OptionalLiveReloadServer [restartedMain] LiveReload server is running on port 35729
2023-02-17 15:53:44,351 INFO org.apache.juli.logging.DirectJDKLog [restartedMain] Starting ProtocolHandler ["http-nio-8080"]
2023-02-17 15:53:44,372 INFO org.springframework.boot.web.embedded.tomcat.TomcatWebServer [restartedMain] Tomcat started on port(s): 8080 (http) with context path ''
2023-02-17 15:53:44,801 INFO org.apache.juli.logging.DirectJDKLog [RMI TCP Connection(3)-192.168.0.103] Initializing Spring DispatcherServlet 'dispatcherServlet'
2023-02-17 15:53:44,802 INFO org.springframework.web.servlet.FrameworkServlet [RMI TCP Connection(3)-192.168.0.103] Initializing Servlet 'dispatcherServlet'
2023-02-17 15:53:44,805 INFO org.springframework.web.servlet.FrameworkServlet [RMI TCP Connection(3)-192.168.0.103] Completed initialization in 3 ms
2023-02-17 15:54:17,654 INFO org.springframework.orm.jpa.AbstractEntityManagerFactoryBean [SpringApplicationShutdownHook] Closing JPA EntityManagerFactory for persistence unit 'default'
2023-02-17 15:54:17,661 INFO com.zaxxer.hikari.HikariDataSource [SpringApplicationShutdownHook] HikariPool-1 - Shutdown initiated...
2023-02-17 15:54:17,722 INFO com.zaxxer.hikari.HikariDataSource [SpringApplicationShutdownHook] HikariPool-1 - Shutdown completed.
2023-02-17 15:54:24,244 INFO org.hibernate.validator.internal.util.Version [background-preinit] HV000001: Hibernate Validator 6.2.5.Final
2023-02-17 15:54:24,330 INFO org.springframework.boot.logging.DeferredLog [restartedMain] Devtools property defaults active! Set 'spring.devtools.add-properties' to 'false' to disable
2023-02-17 15:54:24,331 INFO org.springframework.boot.logging.DeferredLog [restartedMain] For additional web related logging consider setting the 'logging.level.web' property to 'DEBUG'
2023-02-17 15:54:26,485 INFO org.springframework.data.repository.config.RepositoryConfigurationDelegate [restartedMain] Bootstrapping Spring Data JPA repositories in DEFAULT mode.
2023-02-17 15:54:26,623 INFO org.springframework.data.repository.config.RepositoryConfigurationDelegate [restartedMain] Finished Spring Data repository scanning in 119 ms. Found 5 JPA repository interfaces.
2023-02-17 15:54:27,749 INFO org.springframework.boot.web.embedded.tomcat.TomcatWebServer [restartedMain] Tomcat initialized with port(s): 8080 (http)
2023-02-17 15:54:27,758 INFO org.apache.juli.logging.DirectJDKLog [restartedMain] Initializing ProtocolHandler ["http-nio-8080"]
2023-02-17 15:54:27,759 INFO org.apache.juli.logging.DirectJDKLog [restartedMain] Starting service [Tomcat]
2023-02-17 15:54:27,759 INFO org.apache.juli.logging.DirectJDKLog [restartedMain] Starting Servlet engine: [Apache Tomcat/9.0.69]
2023-02-17 15:54:27,872 INFO org.apache.juli.logging.DirectJDKLog [restartedMain] Initializing Spring embedded WebApplicationContext
2023-02-17 15:54:27,873 INFO org.springframework.boot.web.servlet.context.ServletWebServerApplicationContext [restartedMain] Root WebApplicationContext: initialization completed in 3540 ms
2023-02-17 15:54:28,051 INFO com.zaxxer.hikari.HikariDataSource [restartedMain] HikariPool-1 - Starting...
2023-02-17 15:54:28,427 INFO com.zaxxer.hikari.HikariDataSource [restartedMain] HikariPool-1 - Start completed.
2023-02-17 15:54:28,439 INFO org.springframework.boot.autoconfigure.h2.H2ConsoleAutoConfiguration [restartedMain] H2 console available at '/h2-console'. Database available at 'jdbc:mysql://localhost:3306/restaurant_db'
2023-02-17 15:54:28,665 INFO org.hibernate.jpa.internal.util.LogHelper [restartedMain] HHH000204: Processing PersistenceUnitInfo [name: default]
2023-02-17 15:54:28,739 INFO org.hibernate.Version [restartedMain] HHH000412: Hibernate ORM core version 5.6.14.Final
2023-02-17 15:54:28,929 INFO org.hibernate.annotations.common.reflection.java.JavaReflectionManager [restartedMain] HCANN000001: Hibernate Commons Annotations {5.1.2.Final}
2023-02-17 15:54:29,043 INFO org.hibernate.dialect.Dialect [restartedMain] HHH000400: Using dialect: org.hibernate.dialect.MySQL8Dialect
2023-02-17 15:54:29,948 INFO org.hibernate.engine.transaction.jta.platform.internal.JtaPlatformInitiator [restartedMain] HHH000490: Using JtaPlatform implementation: [org.hibernate.engine.transaction.jta.platform.internal.NoJtaPlatform]
2023-02-17 15:54:29,958 INFO org.springframework.orm.jpa.AbstractEntityManagerFactoryBean [restartedMain] Initialized JPA EntityManagerFactory for persistence unit 'default'
2023-02-17 15:54:30,479 WARN org.springframework.boot.autoconfigure.orm.jpa.JpaBaseConfiguration$JpaWebConfiguration [restartedMain] spring.jpa.open-in-view is enabled by default. Therefore, database queries may be performed during view rendering. Explicitly configure spring.jpa.open-in-view to disable this warning
2023-02-17 15:54:30,763 INFO org.springframework.boot.autoconfigure.web.servlet.WelcomePageHandlerMapping [restartedMain] Adding welcome page template: index
2023-02-17 15:54:31,298 INFO org.springframework.boot.actuate.endpoint.web.EndpointLinksResolver [restartedMain] Exposing 1 endpoint(s) beneath base path '/actuator'
2023-02-17 15:54:31,317 INFO org.springframework.security.web.DefaultSecurityFilterChain [restartedMain] Will secure any request with [org.springframework.security.web.session.DisableEncodeUrlFilter@42f7f0e, org.springframework.security.web.context.request.async.WebAsyncManagerIntegrationFilter@7fd1e57e, org.springframework.security.web.context.SecurityContextPersistenceFilter@5157374a, org.springframework.security.web.header.HeaderWriterFilter@712a037a, org.springframework.web.filter.CorsFilter@52bd1467, org.springframework.security.web.csrf.CsrfFilter@7be54c0c, org.springframework.security.web.authentication.logout.LogoutFilter@4d8a7ba6, org.springframework.security.web.authentication.UsernamePasswordAuthenticationFilter@5858212c, org.springframework.security.web.authentication.ui.DefaultLoginPageGeneratingFilter@448570e5, org.springframework.security.web.authentication.ui.DefaultLogoutPageGeneratingFilter@56436f7d, org.springframework.security.web.authentication.www.BasicAuthenticationFilter@65f263ee, org.springframework.security.web.savedrequest.RequestCacheAwareFilter@39b61bfb, org.springframework.security.web.servletapi.SecurityContextHolderAwareRequestFilter@23cb59e2, org.springframework.security.web.authentication.AnonymousAuthenticationFilter@29ebbdb4, org.springframework.security.web.session.SessionManagementFilter@4392eb0d, org.springframework.security.web.access.ExceptionTranslationFilter@59b9ce91, org.springframework.security.web.access.intercept.FilterSecurityInterceptor@4d103766]
2023-02-17 15:54:31,435 INFO org.springframework.boot.devtools.autoconfigure.OptionalLiveReloadServer [restartedMain] LiveReload server is running on port 35729
2023-02-17 15:54:31,470 INFO org.apache.juli.logging.DirectJDKLog [restartedMain] Starting ProtocolHandler ["http-nio-8080"]
2023-02-17 15:54:31,494 INFO org.springframework.boot.web.embedded.tomcat.TomcatWebServer [restartedMain] Tomcat started on port(s): 8080 (http) with context path ''
2023-02-17 15:54:32,182 INFO org.apache.juli.logging.DirectJDKLog [http-nio-8080-exec-1] Initializing Spring DispatcherServlet 'dispatcherServlet'
2023-02-17 15:54:32,183 INFO org.springframework.web.servlet.FrameworkServlet [http-nio-8080-exec-1] Initializing Servlet 'dispatcherServlet'
2023-02-17 15:54:32,188 INFO org.springframework.web.servlet.FrameworkServlet [http-nio-8080-exec-1] Completed initialization in 5 ms
2023-02-17 15:55:00,170 INFO org.springframework.orm.jpa.AbstractEntityManagerFactoryBean [SpringApplicationShutdownHook] Closing JPA EntityManagerFactory for persistence unit 'default'
2023-02-17 15:55:00,235 INFO com.zaxxer.hikari.HikariDataSource [SpringApplicationShutdownHook] HikariPool-1 - Shutdown initiated...
2023-02-17 15:55:00,284 INFO com.zaxxer.hikari.HikariDataSource [SpringApplicationShutdownHook] HikariPool-1 - Shutdown completed.
2023-02-17 15:55:05,963 INFO org.hibernate.validator.internal.util.Version [background-preinit] HV000001: Hibernate Validator 6.2.5.Final
2023-02-17 15:55:06,044 INFO org.springframework.boot.logging.DeferredLog [restartedMain] Devtools property defaults active! Set 'spring.devtools.add-properties' to 'false' to disable
2023-02-17 15:55:06,046 INFO org.springframework.boot.logging.DeferredLog [restartedMain] For additional web related logging consider setting the 'logging.level.web' property to 'DEBUG'
2023-02-17 15:55:07,636 INFO org.springframework.data.repository.config.RepositoryConfigurationDelegate [restartedMain] Bootstrapping Spring Data JPA repositories in DEFAULT mode.
2023-02-17 15:55:07,711 INFO org.springframework.data.repository.config.RepositoryConfigurationDelegate [restartedMain] Finished Spring Data repository scanning in 65 ms. Found 5 JPA repository interfaces.
2023-02-17 15:55:08,527 INFO org.springframework.boot.web.embedded.tomcat.TomcatWebServer [restartedMain] Tomcat initialized with port(s): 8080 (http)
2023-02-17 15:55:08,537 INFO org.apache.juli.logging.DirectJDKLog [restartedMain] Initializing ProtocolHandler ["http-nio-8080"]
2023-02-17 15:55:08,538 INFO org.apache.juli.logging.DirectJDKLog [restartedMain] Starting service [Tomcat]
2023-02-17 15:55:08,538 INFO org.apache.juli.logging.DirectJDKLog [restartedMain] Starting Servlet engine: [Apache Tomcat/9.0.69]
2023-02-17 15:55:08,659 INFO org.apache.juli.logging.DirectJDKLog [restartedMain] Initializing Spring embedded WebApplicationContext
2023-02-17 15:55:08,659 INFO org.springframework.boot.web.servlet.context.ServletWebServerApplicationContext [restartedMain] Root WebApplicationContext: initialization completed in 2612 ms
2023-02-17 15:55:08,825 INFO com.zaxxer.hikari.HikariDataSource [restartedMain] HikariPool-1 - Starting...
2023-02-17 15:55:09,198 INFO com.zaxxer.hikari.HikariDataSource [restartedMain] HikariPool-1 - Start completed.
2023-02-17 15:55:09,210 INFO org.springframework.boot.autoconfigure.h2.H2ConsoleAutoConfiguration [restartedMain] H2 console available at '/h2-console'. Database available at 'jdbc:mysql://localhost:3306/restaurant_db'
2023-02-17 15:55:09,451 INFO org.hibernate.jpa.internal.util.LogHelper [restartedMain] HHH000204: Processing PersistenceUnitInfo [name: default]
2023-02-17 15:55:09,516 INFO org.hibernate.Version [restartedMain] HHH000412: Hibernate ORM core version 5.6.14.Final
2023-02-17 15:55:09,703 INFO org.hibernate.annotations.common.reflection.java.JavaReflectionManager [restartedMain] HCANN000001: Hibernate Commons Annotations {5.1.2.Final}
2023-02-17 15:55:09,815 INFO org.hibernate.dialect.Dialect [restartedMain] HHH000400: Using dialect: org.hibernate.dialect.MySQL8Dialect
2023-02-17 15:55:10,707 INFO org.hibernate.engine.transaction.jta.platform.internal.JtaPlatformInitiator [restartedMain] HHH000490: Using JtaPlatform implementation: [org.hibernate.engine.transaction.jta.platform.internal.NoJtaPlatform]
2023-02-17 15:55:10,716 INFO org.springframework.orm.jpa.AbstractEntityManagerFactoryBean [restartedMain] Initialized JPA EntityManagerFactory for persistence unit 'default'
2023-02-17 15:55:11,366 WARN org.springframework.boot.autoconfigure.orm.jpa.JpaBaseConfiguration$JpaWebConfiguration [restartedMain] spring.jpa.open-in-view is enabled by default. Therefore, database queries may be performed during view rendering. Explicitly configure spring.jpa.open-in-view to disable this warning
2023-02-17 15:55:11,670 INFO org.springframework.boot.autoconfigure.web.servlet.WelcomePageHandlerMapping [restartedMain] Adding welcome page template: index
2023-02-17 15:55:12,408 INFO org.springframework.boot.actuate.endpoint.web.EndpointLinksResolver [restartedMain] Exposing 1 endpoint(s) beneath base path '/actuator'
2023-02-17 15:55:12,433 INFO org.springframework.security.web.DefaultSecurityFilterChain [restartedMain] Will secure any request with [org.springframework.security.web.session.DisableEncodeUrlFilter@6be13cce, org.springframework.security.web.context.request.async.WebAsyncManagerIntegrationFilter@4207402b, org.springframework.security.web.context.SecurityContextPersistenceFilter@45f9be65, org.springframework.security.web.header.HeaderWriterFilter@b4c16cd, org.springframework.web.filter.CorsFilter@7cf6e950, org.springframework.security.web.csrf.CsrfFilter@1cc360c6, org.springframework.security.web.authentication.logout.LogoutFilter@1f9b02e9, org.springframework.security.web.authentication.UsernamePasswordAuthenticationFilter@33ef70f3, org.springframework.security.web.authentication.ui.DefaultLoginPageGeneratingFilter@3d06ac05, org.springframework.security.web.authentication.ui.DefaultLogoutPageGeneratingFilter@27d73cf3, org.springframework.security.web.authentication.www.BasicAuthenticationFilter@168de6f9, org.springframework.security.web.savedrequest.RequestCacheAwareFilter@6adad0ce, org.springframework.security.web.servletapi.SecurityContextHolderAwareRequestFilter@3bbf7c2e, org.springframework.security.web.authentication.AnonymousAuthenticationFilter@45b2738b, org.springframework.security.web.session.SessionManagementFilter@600f3eca, org.springframework.security.web.access.ExceptionTranslationFilter@6888dbd, org.springframework.security.web.access.intercept.FilterSecurityInterceptor@1b88cda2]
2023-02-17 15:55:12,579 INFO org.springframework.boot.devtools.autoconfigure.OptionalLiveReloadServer [restartedMain] LiveReload server is running on port 35729
2023-02-17 15:55:12,617 INFO org.apache.juli.logging.DirectJDKLog [restartedMain] Starting ProtocolHandler ["http-nio-8080"]
2023-02-17 15:55:12,644 INFO org.springframework.boot.web.embedded.tomcat.TomcatWebServer [restartedMain] Tomcat started on port(s): 8080 (http) with context path ''
2023-02-17 15:55:13,653 INFO org.apache.juli.logging.DirectJDKLog [http-nio-8080-exec-1] Initializing Spring DispatcherServlet 'dispatcherServlet'
2023-02-17 15:55:13,654 INFO org.springframework.web.servlet.FrameworkServlet [http-nio-8080-exec-1] Initializing Servlet 'dispatcherServlet'
2023-02-17 15:55:13,658 INFO org.springframework.web.servlet.FrameworkServlet [http-nio-8080-exec-1] Completed initialization in 4 ms
2023-02-17 15:56:09,656 INFO org.springframework.orm.jpa.AbstractEntityManagerFactoryBean [SpringApplicationShutdownHook] Closing JPA EntityManagerFactory for persistence unit 'default'
2023-02-17 15:56:09,663 INFO com.zaxxer.hikari.HikariDataSource [SpringApplicationShutdownHook] HikariPool-1 - Shutdown initiated...
2023-02-17 15:56:09,700 INFO com.zaxxer.hikari.HikariDataSource [SpringApplicationShutdownHook] HikariPool-1 - Shutdown completed.
2023-02-17 15:56:18,482 INFO org.hibernate.validator.internal.util.Version [background-preinit] HV000001: Hibernate Validator 6.2.5.Final
2023-02-17 15:56:18,570 INFO org.springframework.boot.logging.DeferredLog [restartedMain] Devtools property defaults active! Set 'spring.devtools.add-properties' to 'false' to disable
2023-02-17 15:56:18,572 INFO org.springframework.boot.logging.DeferredLog [restartedMain] For additional web related logging consider setting the 'logging.level.web' property to 'DEBUG'
2023-02-17 15:56:20,152 INFO org.springframework.data.repository.config.RepositoryConfigurationDelegate [restartedMain] Bootstrapping Spring Data JPA repositories in DEFAULT mode.
2023-02-17 15:56:20,236 INFO org.springframework.data.repository.config.RepositoryConfigurationDelegate [restartedMain] Finished Spring Data repository scanning in 74 ms. Found 5 JPA repository interfaces.
2023-02-17 15:56:21,101 INFO org.springframework.boot.web.embedded.tomcat.TomcatWebServer [restartedMain] Tomcat initialized with port(s): 8080 (http)
2023-02-17 15:56:21,112 INFO org.apache.juli.logging.DirectJDKLog [restartedMain] Initializing ProtocolHandler ["http-nio-8080"]
2023-02-17 15:56:21,113 INFO org.apache.juli.logging.DirectJDKLog [restartedMain] Starting service [Tomcat]
2023-02-17 15:56:21,113 INFO org.apache.juli.logging.DirectJDKLog [restartedMain] Starting Servlet engine: [Apache Tomcat/9.0.69]
2023-02-17 15:56:21,236 INFO org.apache.juli.logging.DirectJDKLog [restartedMain] Initializing Spring embedded WebApplicationContext
2023-02-17 15:56:21,236 INFO org.springframework.boot.web.servlet.context.ServletWebServerApplicationContext [restartedMain] Root WebApplicationContext: initialization completed in 2663 ms
2023-02-17 15:56:21,400 INFO com.zaxxer.hikari.HikariDataSource [restartedMain] HikariPool-1 - Starting...
2023-02-17 15:56:21,793 INFO com.zaxxer.hikari.HikariDataSource [restartedMain] HikariPool-1 - Start completed.
2023-02-17 15:56:21,805 INFO org.springframework.boot.autoconfigure.h2.H2ConsoleAutoConfiguration [restartedMain] H2 console available at '/h2-console'. Database available at 'jdbc:mysql://localhost:3306/restaurant_db'
2023-02-17 15:56:22,039 INFO org.hibernate.jpa.internal.util.LogHelper [restartedMain] HHH000204: Processing PersistenceUnitInfo [name: default]
2023-02-17 15:56:22,104 INFO org.hibernate.Version [restartedMain] HHH000412: Hibernate ORM core version 5.6.14.Final
2023-02-17 15:56:22,304 INFO org.hibernate.annotations.common.reflection.java.JavaReflectionManager [restartedMain] HCANN000001: Hibernate Commons Annotations {5.1.2.Final}
2023-02-17 15:56:22,421 INFO org.hibernate.dialect.Dialect [restartedMain] HHH000400: Using dialect: org.hibernate.dialect.MySQL8Dialect
2023-02-17 15:56:23,370 INFO org.hibernate.engine.transaction.jta.platform.internal.JtaPlatformInitiator [restartedMain] HHH000490: Using JtaPlatform implementation: [org.hibernate.engine.transaction.jta.platform.internal.NoJtaPlatform]
2023-02-17 15:56:23,380 INFO org.springframework.orm.jpa.AbstractEntityManagerFactoryBean [restartedMain] Initialized JPA EntityManagerFactory for persistence unit 'default'
2023-02-17 15:56:23,938 WARN org.springframework.boot.autoconfigure.orm.jpa.JpaBaseConfiguration$JpaWebConfiguration [restartedMain] spring.jpa.open-in-view is enabled by default. Therefore, database queries may be performed during view rendering. Explicitly configure spring.jpa.open-in-view to disable this warning
2023-02-17 15:56:24,183 INFO org.springframework.boot.autoconfigure.web.servlet.WelcomePageHandlerMapping [restartedMain] Adding welcome page template: index
2023-02-17 15:56:24,769 INFO org.springframework.boot.actuate.endpoint.web.EndpointLinksResolver [restartedMain] Exposing 1 endpoint(s) beneath base path '/actuator'
2023-02-17 15:56:24,786 INFO org.springframework.security.web.DefaultSecurityFilterChain [restartedMain] Will secure any request with [org.springframework.security.web.session.DisableEncodeUrlFilter@5c125348, org.springframework.security.web.context.request.async.WebAsyncManagerIntegrationFilter@47b97bb5, org.springframework.security.web.context.SecurityContextPersistenceFilter@7965b5f5, org.springframework.security.web.header.HeaderWriterFilter@1ddcd025, org.springframework.web.filter.CorsFilter@7faf8e33, org.springframework.security.web.csrf.CsrfFilter@2eb8adac, org.springframework.security.web.authentication.logout.LogoutFilter@31f99b79, org.springframework.security.web.authentication.UsernamePasswordAuthenticationFilter@34fdd93f, org.springframework.security.web.authentication.ui.DefaultLoginPageGeneratingFilter@6ec0ef8a, org.springframework.security.web.authentication.ui.DefaultLogoutPageGeneratingFilter@bdf19a8, org.springframework.security.web.authentication.www.BasicAuthenticationFilter@447559f7, org.springframework.security.web.savedrequest.RequestCacheAwareFilter@19875a26, org.springframework.security.web.servletapi.SecurityContextHolderAwareRequestFilter@1d9acb0c, org.springframework.security.web.authentication.AnonymousAuthenticationFilter@45199388, org.springframework.security.web.session.SessionManagementFilter@19e664de, org.springframework.security.web.access.ExceptionTranslationFilter@1e4683f5, org.springframework.security.web.access.intercept.FilterSecurityInterceptor@53005655]
2023-02-17 15:56:24,911 INFO org.springframework.boot.devtools.autoconfigure.OptionalLiveReloadServer [restartedMain] LiveReload server is running on port 35729
2023-02-17 15:56:24,955 INFO org.apache.juli.logging.DirectJDKLog [restartedMain] Starting ProtocolHandler ["http-nio-8080"]
2023-02-17 15:56:24,980 INFO org.springframework.boot.web.embedded.tomcat.TomcatWebServer [restartedMain] Tomcat started on port(s): 8080 (http) with context path ''
2023-02-17 15:56:25,735 INFO org.apache.juli.logging.DirectJDKLog [http-nio-8080-exec-1] Initializing Spring DispatcherServlet 'dispatcherServlet'
2023-02-17 15:56:25,736 INFO org.springframework.web.servlet.FrameworkServlet [http-nio-8080-exec-1] Initializing Servlet 'dispatcherServlet'
2023-02-17 15:56:25,741 INFO org.springframework.web.servlet.FrameworkServlet [http-nio-8080-exec-1] Completed initialization in 5 ms
2023-02-17 15:57:33,306 INFO org.springframework.orm.jpa.AbstractEntityManagerFactoryBean [SpringApplicationShutdownHook] Closing JPA EntityManagerFactory for persistence unit 'default'
2023-02-17 15:57:33,320 INFO com.zaxxer.hikari.HikariDataSource [SpringApplicationShutdownHook] HikariPool-1 - Shutdown initiated...
2023-02-17 15:57:33,503 INFO com.zaxxer.hikari.HikariDataSource [SpringApplicationShutdownHook] HikariPool-1 - Shutdown completed.
2023-02-17 15:57:39,091 INFO org.hibernate.validator.internal.util.Version [background-preinit] HV000001: Hibernate Validator 6.2.5.Final
2023-02-17 15:57:39,171 INFO org.springframework.boot.logging.DeferredLog [restartedMain] Devtools property defaults active! Set 'spring.devtools.add-properties' to 'false' to disable
2023-02-17 15:57:39,172 INFO org.springframework.boot.logging.DeferredLog [restartedMain] For additional web related logging consider setting the 'logging.level.web' property to 'DEBUG'
2023-02-17 15:57:40,679 INFO org.springframework.data.repository.config.RepositoryConfigurationDelegate [restartedMain] Bootstrapping Spring Data JPA repositories in DEFAULT mode.
2023-02-17 15:57:40,754 INFO org.springframework.data.repository.config.RepositoryConfigurationDelegate [restartedMain] Finished Spring Data repository scanning in 66 ms. Found 5 JPA repository interfaces.
2023-02-17 15:57:41,540 INFO org.springframework.boot.web.embedded.tomcat.TomcatWebServer [restartedMain] Tomcat initialized with port(s): 8080 (http)
2023-02-17 15:57:41,550 INFO org.apache.juli.logging.DirectJDKLog [restartedMain] Initializing ProtocolHandler ["http-nio-8080"]
2023-02-17 15:57:41,551 INFO org.apache.juli.logging.DirectJDKLog [restartedMain] Starting service [Tomcat]
2023-02-17 15:57:41,551 INFO org.apache.juli.logging.DirectJDKLog [restartedMain] Starting Servlet engine: [Apache Tomcat/9.0.69]
2023-02-17 15:57:41,665 INFO org.apache.juli.logging.DirectJDKLog [restartedMain] Initializing Spring embedded WebApplicationContext
2023-02-17 15:57:41,666 INFO org.springframework.boot.web.servlet.context.ServletWebServerApplicationContext [restartedMain] Root WebApplicationContext: initialization completed in 2493 ms
2023-02-17 15:57:41,822 INFO com.zaxxer.hikari.HikariDataSource [restartedMain] HikariPool-1 - Starting...
2023-02-17 15:57:42,208 INFO com.zaxxer.hikari.HikariDataSource [restartedMain] HikariPool-1 - Start completed.
2023-02-17 15:57:42,221 INFO org.springframework.boot.autoconfigure.h2.H2ConsoleAutoConfiguration [restartedMain] H2 console available at '/h2-console'. Database available at 'jdbc:mysql://localhost:3306/restaurant_db'
2023-02-17 15:57:42,529 INFO org.hibernate.jpa.internal.util.LogHelper [restartedMain] HHH000204: Processing PersistenceUnitInfo [name: default]
2023-02-17 15:57:42,594 INFO org.hibernate.Version [restartedMain] HHH000412: Hibernate ORM core version 5.6.14.Final
2023-02-17 15:57:42,752 INFO org.hibernate.annotations.common.reflection.java.JavaReflectionManager [restartedMain] HCANN000001: Hibernate Commons Annotations {5.1.2.Final}
2023-02-17 15:57:42,865 INFO org.hibernate.dialect.Dialect [restartedMain] HHH000400: Using dialect: org.hibernate.dialect.MySQL8Dialect
2023-02-17 15:57:43,887 INFO org.hibernate.engine.transaction.jta.platform.internal.JtaPlatformInitiator [restartedMain] HHH000490: Using JtaPlatform implementation: [org.hibernate.engine.transaction.jta.platform.internal.NoJtaPlatform]
2023-02-17 15:57:43,896 INFO org.springframework.orm.jpa.AbstractEntityManagerFactoryBean [restartedMain] Initialized JPA EntityManagerFactory for persistence unit 'default'
2023-02-17 15:57:44,493 WARN org.springframework.boot.autoconfigure.orm.jpa.JpaBaseConfiguration$JpaWebConfiguration [restartedMain] spring.jpa.open-in-view is enabled by default. Therefore, database queries may be performed during view rendering. Explicitly configure spring.jpa.open-in-view to disable this warning
2023-02-17 15:57:44,753 INFO org.springframework.boot.autoconfigure.web.servlet.WelcomePageHandlerMapping [restartedMain] Adding welcome page template: index
2023-02-17 15:57:45,392 INFO org.springframework.boot.actuate.endpoint.web.EndpointLinksResolver [restartedMain] Exposing 1 endpoint(s) beneath base path '/actuator'
2023-02-17 15:57:45,415 INFO org.springframework.security.web.DefaultSecurityFilterChain [restartedMain] Will secure any request with [org.springframework.security.web.session.DisableEncodeUrlFilter@6362ec4e, org.springframework.security.web.context.request.async.WebAsyncManagerIntegrationFilter@12e7a931, org.springframework.security.web.context.SecurityContextPersistenceFilter@6b5fd5cf, org.springframework.security.web.header.HeaderWriterFilter@28b569d1, org.springframework.web.filter.CorsFilter@4183d479, org.springframework.security.web.csrf.CsrfFilter@7a8ff695, org.springframework.security.web.authentication.logout.LogoutFilter@149ab8f8, org.springframework.security.web.authentication.UsernamePasswordAuthenticationFilter@4bd63ad4, org.springframework.security.web.authentication.ui.DefaultLoginPageGeneratingFilter@5928bf2b, org.springframework.security.web.authentication.ui.DefaultLogoutPageGeneratingFilter@2c845a74, org.springframework.security.web.authentication.www.BasicAuthenticationFilter@3fa72f9, org.springframework.security.web.savedrequest.RequestCacheAwareFilter@4e43f4fb, org.springframework.security.web.servletapi.SecurityContextHolderAwareRequestFilter@668e1f32, org.springframework.security.web.authentication.AnonymousAuthenticationFilter@58f0d336, org.springframework.security.web.session.SessionManagementFilter@5193f418, org.springframework.security.web.access.ExceptionTranslationFilter@53dd7411, org.springframework.security.web.access.intercept.FilterSecurityInterceptor@2cf58731]
2023-02-17 15:57:45,556 INFO org.springframework.boot.devtools.autoconfigure.OptionalLiveReloadServer [restartedMain] LiveReload server is running on port 35729
2023-02-17 15:57:45,592 INFO org.apache.juli.logging.DirectJDKLog [restartedMain] Starting ProtocolHandler ["http-nio-8080"]
2023-02-17 15:57:45,619 INFO org.springframework.boot.web.embedded.tomcat.TomcatWebServer [restartedMain] Tomcat started on port(s): 8080 (http) with context path ''
2023-02-17 15:57:46,320 INFO org.apache.juli.logging.DirectJDKLog [RMI TCP Connection(1)-192.168.0.103] Initializing Spring DispatcherServlet 'dispatcherServlet'
2023-02-17 15:57:46,321 INFO org.springframework.web.servlet.FrameworkServlet [RMI TCP Connection(1)-192.168.0.103] Initializing Servlet 'dispatcherServlet'
2023-02-17 15:57:46,325 INFO org.springframework.web.servlet.FrameworkServlet [RMI TCP Connection(1)-192.168.0.103] Completed initialization in 4 ms
2023-02-17 15:58:35,581 INFO org.springframework.orm.jpa.AbstractEntityManagerFactoryBean [SpringApplicationShutdownHook] Closing JPA EntityManagerFactory for persistence unit 'default'
2023-02-17 15:58:35,670 INFO com.zaxxer.hikari.HikariDataSource [SpringApplicationShutdownHook] HikariPool-1 - Shutdown initiated...
2023-02-17 15:58:35,714 INFO com.zaxxer.hikari.HikariDataSource [SpringApplicationShutdownHook] HikariPool-1 - Shutdown completed.
