2023-02-17 15:46:28,045 INFO org.springframework.boot.StartupInfoLogger [restartedMain] Starting RestaurantWebApplication using Java 11.0.15 on DESKTOP-77NU2OS with PID 12732 (E:\Dev\EPAM\restaurant-web-app-spring-boot\target\classes started by Dell in E:\Dev\EPAM\restaurant-web-app-spring-boot)
2023-02-17 15:46:28,048 DEBUG org.springframework.boot.StartupInfoLogger [restartedMain] Running with Spring Boot v2.7.6, Spring v5.3.24
2023-02-17 15:46:28,050 INFO org.springframework.boot.SpringApplication [restartedMain] No active profile set, falling back to 1 default profile: "default"
2023-02-17 15:46:34,494 INFO org.springframework.boot.StartupInfoLogger [restartedMain] Started RestaurantWebApplication in 7.288 seconds (JVM running for 9.394)
2023-02-17 15:46:34,505 INFO com.app.web.restaurant.RestaurantWebApplication [restartedMain] Application started ... launching browser now
2023-02-17 15:46:46,149 INFO com.app.web.restaurant.controller.UserController [http-nio-8080-exec-10] User by ID: [User(id=8, email=super_duper@app.com, firstName=John, lastName=Jameson, password=[A, a, 1, 1, 1, 1, 1, 1, 1, 1], role=ADMIN)]
2023-02-17 15:47:18,581 INFO org.springframework.boot.StartupInfoLogger [restartedMain] Starting RestaurantWebApplication using Java 11.0.15 on DESKTOP-77NU2OS with PID 2232 (E:\Dev\EPAM\restaurant-web-app-spring-boot\target\classes started by Dell in E:\Dev\EPAM\restaurant-web-app-spring-boot)
2023-02-17 15:47:18,583 DEBUG org.springframework.boot.StartupInfoLogger [restartedMain] Running with Spring Boot v2.7.6, Spring v5.3.24
2023-02-17 15:47:18,584 INFO org.springframework.boot.SpringApplication [restartedMain] No active profile set, falling back to 1 default profile: "default"
2023-02-17 15:47:29,380 INFO org.springframework.boot.StartupInfoLogger [restartedMain] Started RestaurantWebApplication in 11.95 seconds (JVM running for 13.889)
2023-02-17 15:47:29,390 INFO com.app.web.restaurant.RestaurantWebApplication [restartedMain] Application started ... launching browser now
2023-02-17 15:47:35,777 INFO org.springframework.boot.StartupInfoLogger [restartedMain] Starting RestaurantWebApplication using Java 11.0.15 on DESKTOP-77NU2OS with PID 13832 (E:\Dev\EPAM\restaurant-web-app-spring-boot\target\classes started by Dell in E:\Dev\EPAM\restaurant-web-app-spring-boot)
2023-02-17 15:47:35,780 DEBUG org.springframework.boot.StartupInfoLogger [restartedMain] Running with Spring Boot v2.7.6, Spring v5.3.24
2023-02-17 15:47:35,781 INFO org.springframework.boot.SpringApplication [restartedMain] No active profile set, falling back to 1 default profile: "default"
2023-02-17 15:47:42,117 INFO org.springframework.boot.StartupInfoLogger [restartedMain] Started RestaurantWebApplication in 7.186 seconds (JVM running for 9.465)
2023-02-17 15:47:42,127 INFO com.app.web.restaurant.RestaurantWebApplication [restartedMain] Application started ... launching browser now
2023-02-17 15:47:46,157 INFO com.app.web.restaurant.controller.UserController [http-nio-8080-exec-4] User by ID: [User(id=8, email=super_duper@app.com, firstName=John, lastName=Jameson, password=[A, a, 1, 1, 1, 1, 1, 1, 1, 1], role=ADMIN)]
2023-02-17 15:48:09,416 INFO org.springframework.boot.StartupInfoLogger [restartedMain] Starting RestaurantWebApplication using Java 11.0.15 on DESKTOP-77NU2OS with PID 9708 (E:\Dev\EPAM\restaurant-web-app-spring-boot\target\classes started by Dell in E:\Dev\EPAM\restaurant-web-app-spring-boot)
2023-02-17 15:48:09,417 DEBUG org.springframework.boot.StartupInfoLogger [restartedMain] Running with Spring Boot v2.7.6, Spring v5.3.24
2023-02-17 15:48:09,418 INFO org.springframework.boot.SpringApplication [restartedMain] No active profile set, falling back to 1 default profile: "default"
2023-02-17 15:48:16,600 INFO org.springframework.boot.StartupInfoLogger [restartedMain] Started RestaurantWebApplication in 8.065 seconds (JVM running for 9.998)
2023-02-17 15:48:16,609 INFO com.app.web.restaurant.RestaurantWebApplication [restartedMain] Application started ... launching browser now
2023-02-17 15:49:45,465 INFO org.springframework.boot.StartupInfoLogger [restartedMain] Starting RestaurantWebApplication using Java 11.0.15 on DESKTOP-77NU2OS with PID 10164 (E:\Dev\EPAM\restaurant-web-app-spring-boot\target\classes started by Dell in E:\Dev\EPAM\restaurant-web-app-spring-boot)
2023-02-17 15:49:45,468 DEBUG org.springframework.boot.StartupInfoLogger [restartedMain] Running with Spring Boot v2.7.6, Spring v5.3.24
2023-02-17 15:49:45,470 INFO org.springframework.boot.SpringApplication [restartedMain] No active profile set, falling back to 1 default profile: "default"
2023-02-17 15:49:52,631 INFO org.springframework.boot.StartupInfoLogger [restartedMain] Started RestaurantWebApplication in 8.342 seconds (JVM running for 10.479)
2023-02-17 15:49:52,641 INFO com.app.web.restaurant.RestaurantWebApplication [restartedMain] Application started ... launching browser now
2023-02-17 15:49:57,403 INFO com.app.web.restaurant.controller.UserController [http-nio-8080-exec-4] User by ID: [User(id=8, email=super_duper@app.com, firstName=John, lastName=Jameson, password=[A, a, 1, 1, 1, 1, 1, 1, 1, 1], role=ADMIN)]
2023-02-17 15:52:44,009 INFO com.app.web.restaurant.controller.UserController [http-nio-8080-exec-2] Users found: [[User(id=1, email=admin@admin.app, firstName=Admin, lastName=Admin, password=[A, a, 1, 1, 1, 1, 1, 1, 1, 1], role=ADMIN), User(id=2, email=user22@user.app, firstName=Jacob, lastName=Susinsky, password=[A, a, 1, 1, 1, 1, 1, 1, 1, 1], role=USER), User(id=3, email=user2@user.app, firstName=Dick, lastName=Pussy, password=[6, 6, 6], role=USER), User(id=4, email=user3@user.app, firstName=Sas, lastName=Kek, password=[2, 3, 1, 3, 1, 2, 3, 3], role=USER), User(id=7, email=sad@das.app, firstName=Sad, lastName=Das, password=[A, a, 1, 2, 3, 4, 5, 6], role=USER), User(id=8, email=super_duper@app.com, firstName=John, lastName=Jameson, password=[A, a, 1, 1, 1, 1, 1, 1, 1, 1], role=ADMIN)]]
2023-02-17 15:52:44,010 INFO com.app.web.restaurant.controller.UserController [http-nio-8080-exec-2] Users from entity: [[User(id=1, email=admin@admin.app, firstName=Admin, lastName=Admin, password=[A, a, 1, 1, 1, 1, 1, 1, 1, 1], role=ADMIN), User(id=2, email=user22@user.app, firstName=Jacob, lastName=Susinsky, password=[A, a, 1, 1, 1, 1, 1, 1, 1, 1], role=USER), User(id=3, email=user2@user.app, firstName=Dick, lastName=Pussy, password=[6, 6, 6], role=USER), User(id=4, email=user3@user.app, firstName=Sas, lastName=Kek, password=[2, 3, 1, 3, 1, 2, 3, 3], role=USER), User(id=7, email=sad@das.app, firstName=Sad, lastName=Das, password=[A, a, 1, 2, 3, 4, 5, 6], role=USER), User(id=8, email=super_duper@app.com, firstName=John, lastName=Jameson, password=[A, a, 1, 1, 1, 1, 1, 1, 1, 1], role=ADMIN)]]
2023-02-17 15:52:58,217 INFO com.app.web.restaurant.controller.UserController [http-nio-8080-exec-6] User by ID: [User(id=8, email=super_duper@app.com, firstName=John, lastName=Jameson, password=[A, a, 1, 1, 1, 1, 1, 1, 1, 1], role=ADMIN)]
2023-02-17 15:53:37,894 INFO org.springframework.boot.StartupInfoLogger [restartedMain] Starting RestaurantWebApplication using Java 11.0.15 on DESKTOP-77NU2OS with PID 7836 (E:\Dev\EPAM\restaurant-web-app-spring-boot\target\classes started by Dell in E:\Dev\EPAM\restaurant-web-app-spring-boot)
2023-02-17 15:53:37,897 DEBUG org.springframework.boot.StartupInfoLogger [restartedMain] Running with Spring Boot v2.7.6, Spring v5.3.24
2023-02-17 15:53:37,899 INFO org.springframework.boot.SpringApplication [restartedMain] No active profile set, falling back to 1 default profile: "default"
2023-02-17 15:53:44,397 INFO org.springframework.boot.StartupInfoLogger [restartedMain] Started RestaurantWebApplication in 7.322 seconds (JVM running for 9.119)
2023-02-17 15:53:44,407 INFO com.app.web.restaurant.RestaurantWebApplication [restartedMain] Application started ... launching browser now
2023-02-17 15:53:48,245 INFO com.app.web.restaurant.controller.UserController [http-nio-8080-exec-4] User by ID: [User(id=8, email=super_duper@app.com, firstName=John, lastName=Jameson, password=[A, a, 1, 1, 1, 1, 1, 1, 1, 1], role=ADMIN)]
2023-02-17 15:54:24,242 INFO org.springframework.boot.StartupInfoLogger [restartedMain] Starting RestaurantWebApplication using Java 11.0.15 on DESKTOP-77NU2OS with PID 9108 (E:\Dev\EPAM\restaurant-web-app-spring-boot\target\classes started by Dell in E:\Dev\EPAM\restaurant-web-app-spring-boot)
2023-02-17 15:54:24,245 DEBUG org.springframework.boot.StartupInfoLogger [restartedMain] Running with Spring Boot v2.7.6, Spring v5.3.24
2023-02-17 15:54:24,246 INFO org.springframework.boot.SpringApplication [restartedMain] No active profile set, falling back to 1 default profile: "default"
2023-02-17 15:54:31,525 INFO org.springframework.boot.StartupInfoLogger [restartedMain] Started RestaurantWebApplication in 8.128 seconds (JVM running for 10.4)
2023-02-17 15:54:31,537 INFO com.app.web.restaurant.RestaurantWebApplication [restartedMain] Application started ... launching browser now
2023-02-17 15:54:38,240 INFO com.app.web.restaurant.controller.UserController [http-nio-8080-exec-4] User by ID: [User(id=8, email=super_duper@app.com, firstName=John, lastName=Jameson, password=[A, a, 1, 1, 1, 1, 1, 1, 1, 1], role=ADMIN)]
2023-02-17 15:55:05,963 INFO org.springframework.boot.StartupInfoLogger [restartedMain] Starting RestaurantWebApplication using Java 11.0.15 on DESKTOP-77NU2OS with PID 1280 (E:\Dev\EPAM\restaurant-web-app-spring-boot\target\classes started by Dell in E:\Dev\EPAM\restaurant-web-app-spring-boot)
2023-02-17 15:55:05,966 DEBUG org.springframework.boot.StartupInfoLogger [restartedMain] Running with Spring Boot v2.7.6, Spring v5.3.24
2023-02-17 15:55:05,967 INFO org.springframework.boot.SpringApplication [restartedMain] No active profile set, falling back to 1 default profile: "default"
2023-02-17 15:55:12,668 INFO org.springframework.boot.StartupInfoLogger [restartedMain] Started RestaurantWebApplication in 7.531 seconds (JVM running for 9.728)
2023-02-17 15:55:12,676 INFO com.app.web.restaurant.RestaurantWebApplication [restartedMain] Application started ... launching browser now
2023-02-17 15:55:20,957 INFO com.app.web.restaurant.controller.UserController [http-nio-8080-exec-4] User by ID: [User(id=8, email=super_duper@app.com, firstName=John, lastName=Jameson, password=[A, a, 1, 1, 1, 1, 1, 1, 1, 1], role=ADMIN)]
2023-02-17 15:55:32,397 INFO com.app.web.restaurant.controller.UserController [http-nio-8080-exec-8] Users found: [[User(id=1, email=admin@admin.app, firstName=Admin, lastName=Admin, password=[A, a, 1, 1, 1, 1, 1, 1, 1, 1], role=ADMIN), User(id=2, email=user22@user.app, firstName=Jacob, lastName=Susinsky, password=[A, a, 1, 1, 1, 1, 1, 1, 1, 1], role=USER), User(id=3, email=user2@user.app, firstName=Dick, lastName=Pussy, password=[6, 6, 6], role=USER), User(id=4, email=user3@user.app, firstName=Sas, lastName=Kek, password=[2, 3, 1, 3, 1, 2, 3, 3], role=USER), User(id=7, email=sad@das.app, firstName=Sad, lastName=Das, password=[A, a, 1, 2, 3, 4, 5, 6], role=USER), User(id=8, email=super_duper@app.com, firstName=John, lastName=Jameson, password=[A, a, 1, 1, 1, 1, 1, 1, 1, 1], role=ADMIN)]]
2023-02-17 15:55:32,398 INFO com.app.web.restaurant.controller.UserController [http-nio-8080-exec-8] Users from entity: [[User(id=1, email=admin@admin.app, firstName=Admin, lastName=Admin, password=[A, a, 1, 1, 1, 1, 1, 1, 1, 1], role=ADMIN), User(id=2, email=user22@user.app, firstName=Jacob, lastName=Susinsky, password=[A, a, 1, 1, 1, 1, 1, 1, 1, 1], role=USER), User(id=3, email=user2@user.app, firstName=Dick, lastName=Pussy, password=[6, 6, 6], role=USER), User(id=4, email=user3@user.app, firstName=Sas, lastName=Kek, password=[2, 3, 1, 3, 1, 2, 3, 3], role=USER), User(id=7, email=sad@das.app, firstName=Sad, lastName=Das, password=[A, a, 1, 2, 3, 4, 5, 6], role=USER), User(id=8, email=super_duper@app.com, firstName=John, lastName=Jameson, password=[A, a, 1, 1, 1, 1, 1, 1, 1, 1], role=ADMIN)]]
2023-02-17 15:55:35,596 INFO com.app.web.restaurant.controller.UserController [http-nio-8080-exec-3] Users found: [[User(id=1, email=admin@admin.app, firstName=Admin, lastName=Admin, password=[A, a, 1, 1, 1, 1, 1, 1, 1, 1], role=ADMIN), User(id=2, email=user22@user.app, firstName=Jacob, lastName=Susinsky, password=[A, a, 1, 1, 1, 1, 1, 1, 1, 1], role=USER), User(id=3, email=user2@user.app, firstName=Dick, lastName=Pussy, password=[6, 6, 6], role=USER), User(id=4, email=user3@user.app, firstName=Sas, lastName=Kek, password=[2, 3, 1, 3, 1, 2, 3, 3], role=USER), User(id=7, email=sad@das.app, firstName=Sad, lastName=Das, password=[A, a, 1, 2, 3, 4, 5, 6], role=USER), User(id=8, email=super_duper@app.com, firstName=John, lastName=Jameson, password=[A, a, 1, 1, 1, 1, 1, 1, 1, 1], role=USER)]]
2023-02-17 15:55:35,596 INFO com.app.web.restaurant.controller.UserController [http-nio-8080-exec-3] Users from entity: [[User(id=1, email=admin@admin.app, firstName=Admin, lastName=Admin, password=[A, a, 1, 1, 1, 1, 1, 1, 1, 1], role=ADMIN), User(id=2, email=user22@user.app, firstName=Jacob, lastName=Susinsky, password=[A, a, 1, 1, 1, 1, 1, 1, 1, 1], role=USER), User(id=3, email=user2@user.app, firstName=Dick, lastName=Pussy, password=[6, 6, 6], role=USER), User(id=4, email=user3@user.app, firstName=Sas, lastName=Kek, password=[2, 3, 1, 3, 1, 2, 3, 3], role=USER), User(id=7, email=sad@das.app, firstName=Sad, lastName=Das, password=[A, a, 1, 2, 3, 4, 5, 6], role=USER), User(id=8, email=super_duper@app.com, firstName=John, lastName=Jameson, password=[A, a, 1, 1, 1, 1, 1, 1, 1, 1], role=USER)]]
2023-02-17 15:55:38,019 INFO com.app.web.restaurant.controller.UserController [http-nio-8080-exec-6] User by ID: [User(id=8, email=super_duper@app.com, firstName=John, lastName=Jameson, password=[A, a, 1, 1, 1, 1, 1, 1, 1, 1], role=USER)]
2023-02-17 15:56:18,486 INFO org.springframework.boot.StartupInfoLogger [restartedMain] Starting RestaurantWebApplication using Java 11.0.15 on DESKTOP-77NU2OS with PID 7296 (E:\Dev\EPAM\restaurant-web-app-spring-boot\target\classes started by Dell in E:\Dev\EPAM\restaurant-web-app-spring-boot)
2023-02-17 15:56:18,487 DEBUG org.springframework.boot.StartupInfoLogger [restartedMain] Running with Spring Boot v2.7.6, Spring v5.3.24
2023-02-17 15:56:18,489 INFO org.springframework.boot.SpringApplication [restartedMain] No active profile set, falling back to 1 default profile: "default"
2023-02-17 15:56:25,011 INFO org.springframework.boot.StartupInfoLogger [restartedMain] Started RestaurantWebApplication in 7.365 seconds (JVM running for 9.28)
2023-02-17 15:56:25,020 INFO com.app.web.restaurant.RestaurantWebApplication [restartedMain] Application started ... launching browser now
2023-02-17 15:57:39,090 INFO org.springframework.boot.StartupInfoLogger [restartedMain] Starting RestaurantWebApplication using Java 11.0.15 on DESKTOP-77NU2OS with PID 6896 (E:\Dev\EPAM\restaurant-web-app-spring-boot\target\classes started by Dell in E:\Dev\EPAM\restaurant-web-app-spring-boot)
2023-02-17 15:57:39,092 DEBUG org.springframework.boot.StartupInfoLogger [restartedMain] Running with Spring Boot v2.7.6, Spring v5.3.24
2023-02-17 15:57:39,093 INFO org.springframework.boot.SpringApplication [restartedMain] No active profile set, falling back to 1 default profile: "default"
2023-02-17 15:57:45,646 INFO org.springframework.boot.StartupInfoLogger [restartedMain] Started RestaurantWebApplication in 7.431 seconds (JVM running for 9.351)
2023-02-17 15:57:45,655 INFO com.app.web.restaurant.RestaurantWebApplication [restartedMain] Application started ... launching browser now
2023-02-17 15:57:49,530 INFO com.app.web.restaurant.controller.UserController [http-nio-8080-exec-4] User by ID: [User(id=8, email=super_duper@app.com, firstName=John, lastName=Jameson, password=[A, a, 1, 1, 1, 1, 1, 1, 1, 1], role=USER)]
2023-02-17 15:57:53,830 INFO com.app.web.restaurant.controller.UserController [http-nio-8080-exec-8] User by ID: [User(id=8, email=super_duper@app.com, firstName=John, lastName=Jameson, password=[A, a, 1, 1, 1, 1, 1, 1, 1, 1], role=USER)]
